<component name="ProjectRunConfigurationManager">
  <configuration default="false" name="test-frontend" type="js.build_tools.npm" folderName="frontend">
    <package-json value="$PROJECT_DIR$/frontend/package.json" />
    <command value="run" />
    <scripts>
      <script value="test" />
    </scripts>
    <node-interpreter value="project" />
    <envs />
    <method v="2" />
  </configuration>
</component>