<component name="ProjectRunConfigurationManager">
  <configuration default="false" name="test-backend" type="js.build_tools.npm" folderName="backend">
    <package-json value="$PROJECT_DIR$/backend/package.json" />
    <command value="run" />
    <scripts>
      <script value="test" />
    </scripts>
    <node-interpreter value="project" />
    <envs>
      <env name="DB_CONNECTION_STRING" value="mongodb://localhost:27017" />
      <env name="INFRACOST_API_KEY" value="ico-L0D8qyYQ38KgwpHmuujgj4AxWtfZR9CD" />
        <env name="CATEGORY_TEMPLATES" value="../devcontainer/configuration/samplecategory.json"/>
    </envs>
    <method v="2" />
  </configuration>
</component>